<?xml version="1.0" encoding="UTF-8"?>
<!-- Generated by org.testng.reporters.JUnitReportReporter -->
<testsuite hostname="hsenid-Dell-System-Vostro-3450" name="com.hsenidmobile.recruitment.dao.ApplicantDaoTest" tests="1" failures="0" timestamp="30 May 2013 09:50:43 GMT" time="0.073" errors="0">
  <testcase name="testCreateApplicant" time="0.073" classname="com.hsenidmobile.recruitment.dao.ApplicantDaoTest"/>
</testsuite>
